<?xml version="1.0" encoding="UTF-8"?>
<!-- Generated by org.testng.reporters.JUnitReportReporter -->
<testsuite hostname="LAPTOP-57BF69PR" failures="0" tests="3" name="com.amazone.login.Loginpage" time="0.106" errors="0" timestamp="2023-07-20T13:47:24 IST" skipped="1">
  <testcase classname="com.amazone.login.Loginpage" name="closewin" time="0.008"/>
  <system-out/>
  <testcase classname="com.amazone.login.Loginpage" name="singin" time="0.098"/>
  <system-out/>
  <testcase classname="com.amazone.login.Loginpage" name="singup">
    <skipped/>
  </testcase> <!-- singup -->
  <system-out/>
</testsuite> <!-- com.amazone.login.Loginpage -->
