<?xml version="1.0" encoding="UTF-8"?>
<!-- Generated by org.testng.reporters.JUnitReportReporter -->
<testsuite hostname="LAPTOP-57BF69PR" failures="0" tests="2" name="com.facebook.test.TestLoginPage" time="25.740" errors="0" timestamp="2023-07-21T14:35:38 IST" skipped="0">
  <testcase classname="com.facebook.test.TestLoginPage" name="validcreadlogin" time="15.762"/>
  <system-out/>
  <testcase classname="com.facebook.test.TestLoginPage" name="invalidcreadlogin" time="9.978"/>
  <system-out/>
</testsuite> <!-- com.facebook.test.TestLoginPage -->
